<?xml version="1.0" encoding="UTF-8"?>
<!-- Generated by org.testng.reporters.JUnitXMLReporter -->
<testsuite ignored="0" hostname="Sheetals-Laptop.local" failures="0" tests="2" name="FirefoxTest" time="0.026" errors="0" timestamp="2023-03-19T00:23:07 EDT">
  <testcase classname="com.mystore.base.BaseClass" name="@BeforeTest setup" time="-1.679199786928E9">
    <failure type="org.testng.TestNGException" message="
Can inject only one of &amp;lt;ITestContext, XmlTest&amp;gt; into a @BeforeTest annotated setup.
For more information on native dependency injection please refer to https://testng.org/doc/documentation-main.html#native-dependency-injection">
      <![CDATA[org.testng.TestNGException: 
Can inject only one of <ITestContext, XmlTest> into a @BeforeTest annotated setup.
For more information on native dependency injection please refer to https://testng.org/doc/documentation-main.html#native-dependency-injection
at java.base/java.util.concurrent.FutureTask.run(FutureTask.java:264)
at java.base/java.util.concurrent.ThreadPoolExecutor.runWorker(ThreadPoolExecutor.java:1136)
at java.base/java.util.concurrent.ThreadPoolExecutor$Worker.run(ThreadPoolExecutor.java:635)
at java.base/java.lang.Thread.run(Thread.java:833)
... Removed 11 stack frames]]>
    </failure>
  </testcase> <!-- @BeforeTest setup -->
  <testcase classname="com.mystore.base.BaseClass" name="@BeforeMethod launchApp" time="0.0">
    <skipped/>
  </testcase> <!-- @BeforeMethod launchApp -->
  <testcase classname="com.mystore.base.BaseClass" name="@AfterMethod tearDown" time="0.0">
    <skipped/>
  </testcase> <!-- @AfterMethod tearDown -->
  <testcase classname="com.mystore.base.BaseClass" name="@BeforeMethod launchApp" time="0.0">
    <skipped/>
  </testcase> <!-- @BeforeMethod launchApp -->
  <testcase classname="com.mystore.base.BaseClass" name="@AfterMethod tearDown" time="0.0">
    <skipped/>
  </testcase> <!-- @AfterMethod tearDown -->
  <testcase classname="com.mystore.testcases.IndexPageTest" name="verifyLogo" time="0.0">
    <skipped/>
  </testcase> <!-- verifyLogo -->
  <testcase classname="com.mystore.testcases.IndexPageTest" name="verifyTitle" time="0.0">
    <skipped/>
  </testcase> <!-- verifyTitle -->
</testsuite> <!-- FirefoxTest -->
